<?xml version="1.0" encoding="UTF-8"?>
<!-- Generated by org.testng.reporters.JUnitXMLReporter -->
<testsuite ignored="0" hostname="DESKTOP-67GLAQL" failures="0" tests="4" name="Test_Edge" time="32.327" errors="0" timestamp="2022-08-17T22:28:05 IST">
  <testcase classname="Test_3.Test_D_1" name="Test1" time="0.012"/>
  <testcase classname="Test_3.Test_D_1" name="Test2" time="0.007"/>
  <testcase classname="Test_3.Test_D_1" name="Test3" time="0.007"/>
  <testcase classname="Test_3.Test_D_1" name="Test4" time="0.005"/>
</testsuite> <!-- Test_Edge -->
