<?xml version="1.0" encoding="UTF-8"?>
<!-- Generated by org.testng.reporters.JUnitXMLReporter -->
<testsuite ignored="1" hostname="DESKTOP-67GLAQL" failures="0" tests="3" name="Test_Chrome" time="18.704" errors="0" timestamp="2022-08-17T22:27:33 IST">
  <testcase classname="Test_3.Test_D_1" name="Test1" time="0.024"/>
  <testcase classname="Test_3.Test_D_1" name="Test2" time="0.007"/>
  <testcase classname="Test_3.Test_D_1" name="Test4" time="0.007"/>
  <testcase classname="Test_3.Test_D_1" name="Test3" time="0.0">
    <ignored/>
  </testcase> <!-- Test3 -->
</testsuite> <!-- Test_Chrome -->
