<?xml version="1.0" encoding="UTF-8"?>
<!-- Generated by org.testng.reporters.JUnitXMLReporter -->
<testsuite ignored="0" hostname="DESKTOP-67GLAQL" failures="0" tests="4" name="Test" time="0.141" errors="0" timestamp="2022-08-17T15:47:32 IST">
  <testcase classname="Test2.Test_D_8" name="A" time="0.019"/>
  <testcase classname="Test2.Test_D_8" name="B" time="0.018"/>
  <testcase classname="Test2.Test_D_8" name="C" time="0.009"/>
  <testcase classname="Test2.Test_D_8" name="D" time="0.003"/>
</testsuite> <!-- Test -->
