<?xml version="1.0" encoding="UTF-8"?>
<!-- Generated by org.testng.reporters.JUnitXMLReporter -->
<testsuite ignored="1" hostname="DESKTOP-67GLAQL" failures="1" tests="9" name="Test" time="45.025" errors="0" timestamp="2022-08-17T15:19:26 IST">
  <testcase classname="Test2.Test_D_7" name="A" time="0.024">
    <failure type="java.lang.AssertionError" message="expected [true] but found [false]">
      <![CDATA[java.lang.AssertionError: expected [true] but found [false]
at Test2.Test_D_7.A(Test_D_7.java:12)
at java.base/java.util.ArrayList.forEach(ArrayList.java:1511)
... Removed 29 stack frames]]>
    </failure>
  </testcase> <!-- A -->
  <testcase classname="Test2.Test_D_7" name="B" time="0.0">
    <skipped/>
  </testcase> <!-- B -->
  <testcase classname="Test2.Test_D_7" name="C" time="0.003"/>
  <testcase classname="Test2.Test_D_6" name="C" time="0.002"/>
  <testcase classname="Test2.Test_D_6" name="A" time="0.003"/>
  <testcase classname="Test2.Test_D_5" name="verifytest_001" time="19.221"/>
  <testcase classname="Test2.Test_D_4" name="Test1" time="0.007"/>
  <testcase classname="Test2.Test_D_4" name="Test2" time="0.006"/>
  <testcase classname="Test2.Test_D_4" name="Test3" time="0.003"/>
  <testcase classname="Test2.Test_D_6" name="B" time="0.0">
    <ignored/>
  </testcase> <!-- B -->
</testsuite> <!-- Test -->
